#
# A fatal error has been detected by the Java Runtime Environment:
#
#  SIGSEGV (0xb) at pc=0x00007f8cafcc2f4d, pid=4949, tid=0x00007f8c03069700
#
# JRE version: OpenJDK Runtime Environment (8.0_121-b13) (build 1.8.0_121-8u121-b13-0ubuntu1.16.04.2-b13)
# Java VM: OpenJDK 64-Bit Server VM (25.121-b13 mixed mode linux-amd64 compressed oops)
# Problematic frame:
# C  [libc.so.6+0x39f4d]
#
# Failed to write core dump. Core dumps have been disabled. To enable core dumping, try "ulimit -c unlimited" before starting Java again
#
# If you would like to submit a bug report, please visit:
#   http://bugreport.java.com/bugreport/crash.jsp
# The crash happened outside the Java Virtual Machine in native code.
# See problematic frame for where to report the bug.
#

---------------  T H R E A D  ---------------

Current thread (0x00007f8c0c083000):  JavaThread "XToolkt-Shutdown-Thread" [_thread_in_native, id=9173, stack(0x00007f8c02f69000,0x00007f8c0306a000)]

siginfo: si_signo: 11 (SIGSEGV), si_code: 128 (SI_KERNEL), si_addr: 0x0000000000000000

Registers:
RAX=0x00007f8c1c000077, RBX=0x0000000000000001, RCX=0x0010710f9c127f50, RDX=0x000ff18380000f00
RSP=0x00007f8c03067f60, RBP=0x00007f8cb004c5f8, RSI=0x0000000000000001, RDI=0x0000000000000000
R8 =0x00007f8c1c127690, R9 =0x0000000000000000, R10=0x00000000000001ba, R11=0x00007f8cae42f0b0
R12=0x0000000000000001, R13=0x00007f8c1c127060, R14=0x00007f8c03067fd0, R15=0x00007f8ca9050400
RIP=0x00007f8cafcc2f4d, EFLAGS=0x0000000000010206, CSGSFS=0x0000000000000033, ERR=0x0000000000000000
  TRAPNO=0x000000000000000d

Top of Stack: (sp=0x00007f8c03067f60)
0x00007f8c03067f60:   00007f8ca9050418 00007f8ca905eec0
0x00007f8c03067f70:   00007f8c1c082540 00007f8c1c082540
0x00007f8c03067f80:   0000000000000000 00007f8cafcc3045
0x00007f8c03067f90:   00007f8c1c082540 00007f8c5b9f1cf8
0x00007f8c03067fa0:   00007f8ca905eec0 00007f8c5b9efd4a
0x00007f8c03067fb0:   0000000000000013 00007f8c03068040
0x00007f8c03067fc0:   0000000000000000 0000000100000000
0x00007f8c03067fd0:   0000000000000000 a25d2b94f60be000
0x00007f8c03067fe0:   00007f8c03068040 00007f8ca905eec0
0x00007f8c03067ff0:   00007f8c1c149d90 00007f8c0c0831e0
0x00007f8c03068000:   00007f8ca905eec0 0000000000000000
0x00007f8c03068010:   00007f8c1c149d90 00007f8c5b9da59f
0x00007f8c03068020:   00007f8c1c149d90 00007f8c0c0831e0
0x00007f8c03068030:   000000130000000b 000000000000060b
0x00007f8c03068040:   00007f8c03068080 a25d2b94f60be000
0x00007f8c03068050:   0000000000000000 00007f8c03068158
0x00007f8c03068060:   00007f8c0c0831e0 a25d2b94f60be000
0x00007f8c03068070:   0000000000000000 00007f8c03068158
0x00007f8c03068080:   00007f8c030680c0 00007f8c03904207
0x00007f8c03068090:   00007f8caf5f9928 00007f8c03eaf668
0x00007f8c030680a0:   0000000000000000 00007f8c03eaf668
0x00007f8c030680b0:   00007f8c03068168 00007f8c0c083000
0x00007f8c030680c0:   00007f8c03068130 00007f8c99017774
0x00007f8c030680d0:   00007f8c1806fe90 00007f8c00000001
0x00007f8c030680e0:   00007f8caf562e98 00007f8c0c083000
0x00007f8c030680f0:   00007f8c030680f0 0000000000000000
0x00007f8c03068100:   00007f8c03068168 00007f8c03eb3360
0x00007f8c03068110:   0000000000000000 00007f8c03eaf668
0x00007f8c03068120:   0000000000000000 00007f8c03068150
0x00007f8c03068130:   00007f8c030681b8 00007f8c99007b10
0x00007f8c03068140:   0000000086acecd0 00007f8c99011277
0x00007f8c03068150:   0000000000000000 00000000d84a05b8 

Instructions: (pc=0x00007f8cafcc2f4d)
0x00007f8cafcc2f2d:   ed 74 50 49 8b 45 08 48 89 c2 48 c1 e2 05 48 85
0x00007f8cafcc2f3d:   c0 49 8d 4c 15 f0 74 2a 48 83 e8 01 49 89 45 08
0x00007f8cafcc2f4d:   48 8b 11 48 83 fa 03 0f 84 a6 00 00 00 48 83 fa
0x00007f8cafcc2f5d:   04 74 78 48 83 fa 02 74 4a 48 83 e9 20 48 85 c0 

Register to memory mapping:

RAX=0x00007f8c1c000077 is an unknown value
RBX=0x0000000000000001 is an unknown value
RCX=0x0010710f9c127f50 is an unknown value
RDX=0x000ff18380000f00 is an unknown value
RSP=0x00007f8c03067f60 is pointing into the stack for thread: 0x00007f8c0c083000
RBP=0x00007f8cb004c5f8: <offset 0x3c35f8> in /lib/x86_64-linux-gnu/libc.so.6 at 0x00007f8cafc89000
RSI=0x0000000000000001 is an unknown value
RDI=0x0000000000000000 is an unknown value
R8 =0x00007f8c1c127690 is an unknown value
R9 =0x0000000000000000 is an unknown value
R10=0x00000000000001ba is an unknown value
R11=0x00007f8cae42f0b0: _ZNSt8ios_base4InitD1Ev+0 in /usr/lib/x86_64-linux-gnu/libstdc++.so.6 at 0x00007f8cae391000
R12=0x0000000000000001 is an unknown value
R13=0x00007f8c1c127060 is an unknown value
R14=0x00007f8c03067fd0 is pointing into the stack for thread: 0x00007f8c0c083000
R15=0x00007f8ca9050400 is an unknown value


Stack: [0x00007f8c02f69000,0x00007f8c0306a000],  sp=0x00007f8c03067f60,  free space=1019k
Native frames: (J=compiled Java code, j=interpreted, Vv=VM code, C=native code)
C  [libc.so.6+0x39f4d]

Java frames: (J=compiled Java code, j=interpreted, Vv=VM code)
j  sun.awt.X11.XlibWrapper.InternAtom(JLjava/lang/String;I)J+0
j  sun.awt.X11.XAtom.<init>(JLjava/lang/String;Z)V+31
j  sun.awt.X11.XAtom.<init>(JLjava/lang/String;)V+4
j  sun.awt.X11.XAtom.get(Ljava/lang/String;)Lsun/awt/X11/XAtom;+17
j  sun.awt.X11.XSystemTrayPeer.<clinit>()V+10
v  ~StubRoutines::call_stub
j  sun.awt.X11.XToolkit$2.run()V+0
v  ~StubRoutines::call_stub

---------------  P R O C E S S  ---------------

Java Threads: ( => current thread )
=>0x00007f8c0c083000 JavaThread "XToolkt-Shutdown-Thread" [_thread_in_native, id=9173, stack(0x00007f8c02f69000,0x00007f8c0306a000)]
  0x00007f8c6c002000 JavaThread "SIGHUP handler" daemon [_thread_blocked, id=9153, stack(0x00007f8c25263000,0x00007f8c25364000)]
  0x00007f8c6c001000 JavaThread "SIGTERM handler" daemon [_thread_blocked, id=9152, stack(0x00007f8c02d0f000,0x00007f8c02e10000)]
  0x00007f8c10113800 JavaThread "Worker-77" [_thread_blocked, id=6975, stack(0x00007f8c02e10000,0x00007f8c02f11000)]
  0x00007f8c0402d000 JavaThread "Worker-74" [_thread_blocked, id=6782, stack(0x00007f8c27858000,0x00007f8c27959000)]
  0x00007f8c10122800 JavaThread "Worker-68" [_thread_blocked, id=6234, stack(0x00007f8c262f6000,0x00007f8c263f7000)]
  0x00007f8caa50c800 JavaThread "org.eclipse.jface.text.reconciler.MonoReconciler" daemon [_thread_blocked, id=7543, stack(0x00007f8c0306a000,0x00007f8c0316b000)]
  0x00007f8ca9013000 JavaThread "org.eclipse.jface.text.reconciler.MonoReconciler" daemon [_thread_blocked, id=7329, stack(0x00007f8c098f6000,0x00007f8c099f7000)]
  0x00007f8ca8a3c800 JavaThread "org.eclipse.jface.text.reconciler.MonoReconciler" daemon [_thread_blocked, id=7323, stack(0x00007f8c54926000,0x00007f8c54a27000)]
  0x00007f8ca93f0800 JavaThread "AWT-XAWT" daemon [_thread_blocked, id=5624, stack(0x00007f8c08dab000,0x00007f8c08eac000)]
  0x00007f8ca93e2000 JavaThread "Java2D Disposer" daemon [_thread_blocked, id=5623, stack(0x00007f8c096f4000,0x00007f8c097f5000)]
  0x00007f8ca8d07000 JavaThread "org.eclipse.jface.text.reconciler.MonoReconciler" daemon [_thread_blocked, id=5618, stack(0x00007f8c08caa000,0x00007f8c08dab000)]
  0x00007f8c4400b800 JavaThread "[ThreadPool Manager] - Idle Thread" daemon [_thread_blocked, id=4994, stack(0x00007f8c24a61000,0x00007f8c24b62000)]
  0x00007f8ca946a000 JavaThread "EventAdmin Async Event Dispatcher Thread" daemon [_thread_blocked, id=4981, stack(0x00007f8c27557000,0x00007f8c27658000)]
  0x00007f8ca8ef8800 JavaThread "Bundle File Closer" daemon [_thread_blocked, id=4980, stack(0x00007f8c272ff000,0x00007f8c27400000)]
  0x00007f8c48067800 JavaThread "EMF Reference Cleaner" daemon [_thread_blocked, id=4971, stack(0x00007f8c54423000,0x00007f8c54524000)]
  0x00007f8c4c0d0000 JavaThread "Worker-JM" [_thread_blocked, id=4969, stack(0x00007f8c54724000,0x00007f8c54825000)]
  0x00007f8c40015000 JavaThread "[Timer] - Main Queue Handler" daemon [_thread_blocked, id=4968, stack(0x00007f8c54825000,0x00007f8c54926000)]
  0x00007f8ca85b2000 JavaThread "Start Level: Equinox Container: 00324795-ae09-0017-17b3-8946fd9c1eda" daemon [_thread_blocked, id=4966, stack(0x00007f8c54c27000,0x00007f8c54d28000)]
  0x00007f8ca85ac000 JavaThread "Framework Event Dispatcher: Equinox Container: 00324795-ae09-0017-17b3-8946fd9c1eda" daemon [_thread_blocked, id=4965, stack(0x00007f8c54d28000,0x00007f8c54e29000)]
  0x00007f8ca8508800 JavaThread "Active Thread: Equinox Container: 00324795-ae09-0017-17b3-8946fd9c1eda" [_thread_blocked, id=4964, stack(0x00007f8c54e29000,0x00007f8c54f2a000)]
  0x00007f8ca8189800 JavaThread "Service Thread" daemon [_thread_blocked, id=4962, stack(0x00007f8c8a811000,0x00007f8c8a912000)]
  0x00007f8ca817a000 JavaThread "C1 CompilerThread2" daemon [_thread_blocked, id=4961, stack(0x00007f8c8a912000,0x00007f8c8aa13000)]
  0x00007f8ca8178800 JavaThread "C2 CompilerThread1" daemon [_thread_blocked, id=4960, stack(0x00007f8c8aa13000,0x00007f8c8ab14000)]
  0x00007f8ca8175800 JavaThread "C2 CompilerThread0" daemon [_thread_blocked, id=4959, stack(0x00007f8c8ab14000,0x00007f8c8ac15000)]
  0x00007f8ca8173800 JavaThread "Signal Dispatcher" daemon [_thread_blocked, id=4958, stack(0x00007f8c8ac15000,0x00007f8c8ad16000)]
  0x00007f8ca814b000 JavaThread "Finalizer" daemon [_thread_blocked, id=4957, stack(0x00007f8c8aff0000,0x00007f8c8b0f1000)]
  0x00007f8ca8146800 JavaThread "Reference Handler" daemon [_thread_blocked, id=4956, stack(0x00007f8c8b0f1000,0x00007f8c8b1f2000)]
  0x00007f8ca800a000 JavaThread "main" [_thread_in_native, id=4950, stack(0x00007f8cb0359000,0x00007f8cb045a000)]

Other Threads:
  0x00007f8ca813e800 VMThread [stack: 0x00007f8c8b1f2000,0x00007f8c8b2f3000] [id=4955]
  0x00007f8ca818c000 WatcherThread [stack: 0x00007f8c8a710000,0x00007f8c8a811000] [id=4963]

VM state:not at safepoint (normal execution)

VM Mutex/Monitor currently owned by a thread: None

Heap:
 PSYoungGen      total 279040K, used 27030K [0x00000000d6b00000, 0x00000000e7c80000, 0x0000000100000000)
  eden space 278528K, 9% used [0x00000000d6b00000,0x00000000d8565b40,0x00000000e7b00000)
  from space 512K, 0% used [0x00000000e7b80000,0x00000000e7b80000,0x00000000e7c00000)
  to   space 512K, 0% used [0x00000000e7c00000,0x00000000e7c00000,0x00000000e7c80000)
 ParOldGen       total 125440K, used 55634K [0x0000000084000000, 0x000000008ba80000, 0x00000000d6b00000)
  object space 125440K, 44% used [0x0000000084000000,0x0000000087654aa0,0x000000008ba80000)
 Metaspace       used 99577K, capacity 106164K, committed 106584K, reserved 1142784K
  class space    used 11996K, capacity 13842K, committed 13952K, reserved 1048576K

Card table byte_map: [0x00007f8cac640000,0x00007f8caca21000] byte_map_base: 0x00007f8cac220000

Marking Bits: (ParMarkBitMap*) 0x00007f8caf631220
 Begin Bits: [0x00007f8c90200000, 0x00007f8c92100000)
 End Bits:   [0x00007f8c92100000, 0x00007f8c94000000)

Polling page: 0x00007f8cb0483000

CodeCache: size=245760Kb used=65582Kb max_used=65589Kb free=180177Kb
 bounds [0x00007f8c99000000, 0x00007f8c9d080000, 0x00007f8ca8000000]
 total_blobs=17945 nmethods=17018 adapters=835
 compilation: enabled

Compilation events (10 events):
Event: 71426.356 Thread 0x00007f8ca817a000 23123       3       org.eclipse.ui.internal.themes.IThemeRegistry$HierarchyComparator::compare (77 bytes)
Event: 71426.356 Thread 0x00007f8ca817a000 nmethod 23123 0x00007f8c9d072f90 code [0x00007f8c9d0731a0, 0x00007f8c9d073c08]
Event: 71426.356 Thread 0x00007f8ca817a000 23124   !   3       org.eclipse.ui.internal.themes.ColorDefinition::getValue (67 bytes)
Event: 71426.357 Thread 0x00007f8ca817a000 nmethod 23124 0x00007f8c9d074150 code [0x00007f8c9d0743e0, 0x00007f8c9d075538]
Event: 71426.357 Thread 0x00007f8ca817a000 23125       3       org.eclipse.jface.resource.StringConverter::asString (58 bytes)
Event: 71426.358 Thread 0x00007f8ca817a000 nmethod 23125 0x00007f8c9d075e10 code [0x00007f8c9d076160, 0x00007f8c9d078618]
Event: 71426.361 Thread 0x00007f8ca8178800 23126       4       org.eclipse.swt.widgets.Composite::childStyle (16 bytes)
Event: 71426.362 Thread 0x00007f8ca8178800 nmethod 23126 0x00007f8c9a31f590 code [0x00007f8c9a31f6e0, 0x00007f8c9a31f778]
Event: 71426.472 Thread 0x00007f8ca817a000 23127       3       java.util.logging.LogManager$LoggerContext::ensureDefaultLogger (70 bytes)
Event: 71426.472 Thread 0x00007f8ca817a000 nmethod 23127 0x00007f8c9d07bad0 code [0x00007f8c9d07bca0, 0x00007f8c9d07c528]

GC Heap History (10 events):
Event: 71258.043 GC heap before
{Heap before GC invocations=2393 (full 1190):
 PSYoungGen      total 279040K, used 64K [0x00000000d6b00000, 0x00000000e7c80000, 0x0000000100000000)
  eden space 278528K, 0% used [0x00000000d6b00000,0x00000000d6b00000,0x00000000e7b00000)
  from space 512K, 12% used [0x00000000e7b80000,0x00000000e7b90000,0x00000000e7c00000)
  to   space 512K, 0% used [0x00000000e7c00000,0x00000000e7c00000,0x00000000e7c80000)
 ParOldGen       total 125440K, used 55623K [0x0000000084000000, 0x000000008ba80000, 0x00000000d6b00000)
  object space 125440K, 44% used [0x0000000084000000,0x0000000087651e08,0x000000008ba80000)
 Metaspace       used 99536K, capacity 106164K, committed 106584K, reserved 1142784K
  class space    used 11993K, capacity 13842K, committed 13952K, reserved 1048576K
Event: 71258.167 GC heap after
Heap after GC invocations=2393 (full 1190):
 PSYoungGen      total 279040K, used 0K [0x00000000d6b00000, 0x00000000e7c80000, 0x0000000100000000)
  eden space 278528K, 0% used [0x00000000d6b00000,0x00000000d6b00000,0x00000000e7b00000)
  from space 512K, 0% used [0x00000000e7b80000,0x00000000e7b80000,0x00000000e7c00000)
  to   space 512K, 0% used [0x00000000e7c00000,0x00000000e7c00000,0x00000000e7c80000)
 ParOldGen       total 125440K, used 55625K [0x0000000084000000, 0x000000008ba80000, 0x00000000d6b00000)
  object space 125440K, 44% used [0x0000000084000000,0x0000000087652700,0x000000008ba80000)
 Metaspace       used 99536K, capacity 106164K, committed 106584K, reserved 1142784K
  class space    used 11993K, capacity 13842K, committed 13952K, reserved 1048576K
}
Event: 71318.040 GC heap before
{Heap before GC invocations=2394 (full 1190):
 PSYoungGen      total 279040K, used 18038K [0x00000000d6b00000, 0x00000000e7c80000, 0x0000000100000000)
  eden space 278528K, 6% used [0x00000000d6b00000,0x00000000d7c9d9f0,0x00000000e7b00000)
  from space 512K, 0% used [0x00000000e7b80000,0x00000000e7b80000,0x00000000e7c00000)
  to   space 512K, 0% used [0x00000000e7c00000,0x00000000e7c00000,0x00000000e7c80000)
 ParOldGen       total 125440K, used 55625K [0x0000000084000000, 0x000000008ba80000, 0x00000000d6b00000)
  object space 125440K, 44% used [0x0000000084000000,0x0000000087652700,0x000000008ba80000)
 Metaspace       used 99536K, capacity 106164K, committed 106584K, reserved 1142784K
  class space    used 11993K, capacity 13842K, committed 13952K, reserved 1048576K
Event: 71318.043 GC heap after
Heap after GC invocations=2394 (full 1190):
 PSYoungGen      total 279040K, used 96K [0x00000000d6b00000, 0x00000000e7c80000, 0x0000000100000000)
  eden space 278528K, 0% used [0x00000000d6b00000,0x00000000d6b00000,0x00000000e7b00000)
  from space 512K, 18% used [0x00000000e7c00000,0x00000000e7c18000,0x00000000e7c80000)
  to   space 512K, 0% used [0x00000000e7b80000,0x00000000e7b80000,0x00000000e7c00000)
 ParOldGen       total 125440K, used 55625K [0x0000000084000000, 0x000000008ba80000, 0x00000000d6b00000)
  object space 125440K, 44% used [0x0000000084000000,0x0000000087652700,0x000000008ba80000)
 Metaspace       used 99536K, capacity 106164K, committed 106584K, reserved 1142784K
  class space    used 11993K, capacity 13842K, committed 13952K, reserved 1048576K
}
Event: 71318.043 GC heap before
{Heap before GC invocations=2395 (full 1191):
 PSYoungGen      total 279040K, used 96K [0x00000000d6b00000, 0x00000000e7c80000, 0x0000000100000000)
  eden space 278528K, 0% used [0x00000000d6b00000,0x00000000d6b00000,0x00000000e7b00000)
  from space 512K, 18% used [0x00000000e7c00000,0x00000000e7c18000,0x00000000e7c80000)
  to   space 512K, 0% used [0x00000000e7b80000,0x00000000e7b80000,0x00000000e7c00000)
 ParOldGen       total 125440K, used 55625K [0x0000000084000000, 0x000000008ba80000, 0x00000000d6b00000)
  object space 125440K, 44% used [0x0000000084000000,0x0000000087652700,0x000000008ba80000)
 Metaspace       used 99536K, capacity 106164K, committed 106584K, reserved 1142784K
  class space    used 11993K, capacity 13842K, committed 13952K, reserved 1048576K
Event: 71318.163 GC heap after
Heap after GC invocations=2395 (full 1191):
 PSYoungGen      total 279040K, used 0K [0x00000000d6b00000, 0x00000000e7c80000, 0x0000000100000000)
  eden space 278528K, 0% used [0x00000000d6b00000,0x00000000d6b00000,0x00000000e7b00000)
  from space 512K, 0% used [0x00000000e7c00000,0x00000000e7c00000,0x00000000e7c80000)
  to   space 512K, 0% used [0x00000000e7b80000,0x00000000e7b80000,0x00000000e7c00000)
 ParOldGen       total 125440K, used 55630K [0x0000000084000000, 0x000000008ba80000, 0x00000000d6b00000)
  object space 125440K, 44% used [0x0000000084000000,0x00000000876539e8,0x000000008ba80000)
 Metaspace       used 99536K, capacity 106164K, committed 106584K, reserved 1142784K
  class space    used 11993K, capacity 13842K, committed 13952K, reserved 1048576K
}
Event: 71378.041 GC heap before
{Heap before GC invocations=2396 (full 1191):
 PSYoungGen      total 279040K, used 15253K [0x00000000d6b00000, 0x00000000e7c80000, 0x0000000100000000)
  eden space 278528K, 5% used [0x00000000d6b00000,0x00000000d79e5578,0x00000000e7b00000)
  from space 512K, 0% used [0x00000000e7c00000,0x00000000e7c00000,0x00000000e7c80000)
  to   space 512K, 0% used [0x00000000e7b80000,0x00000000e7b80000,0x00000000e7c00000)
 ParOldGen       total 125440K, used 55630K [0x0000000084000000, 0x000000008ba80000, 0x00000000d6b00000)
  object space 125440K, 44% used [0x0000000084000000,0x00000000876539e8,0x000000008ba80000)
 Metaspace       used 99536K, capacity 106164K, committed 106584K, reserved 1142784K
  class space    used 11993K, capacity 13842K, committed 13952K, reserved 1048576K
Event: 71378.044 GC heap after
Heap after GC invocations=2396 (full 1191):
 PSYoungGen      total 279040K, used 64K [0x00000000d6b00000, 0x00000000e7c80000, 0x0000000100000000)
  eden space 278528K, 0% used [0x00000000d6b00000,0x00000000d6b00000,0x00000000e7b00000)
  from space 512K, 12% used [0x00000000e7b80000,0x00000000e7b90000,0x00000000e7c00000)
  to   space 512K, 0% used [0x00000000e7c00000,0x00000000e7c00000,0x00000000e7c80000)
 ParOldGen       total 125440K, used 55630K [0x0000000084000000, 0x000000008ba80000, 0x00000000d6b00000)
  object space 125440K, 44% used [0x0000000084000000,0x00000000876539e8,0x000000008ba80000)
 Metaspace       used 99536K, capacity 106164K, committed 106584K, reserved 1142784K
  class space    used 11993K, capacity 13842K, committed 13952K, reserved 1048576K
}
Event: 71378.044 GC heap before
{Heap before GC invocations=2397 (full 1192):
 PSYoungGen      total 279040K, used 64K [0x00000000d6b00000, 0x00000000e7c80000, 0x0000000100000000)
  eden space 278528K, 0% used [0x00000000d6b00000,0x00000000d6b00000,0x00000000e7b00000)
  from space 512K, 12% used [0x00000000e7b80000,0x00000000e7b90000,0x00000000e7c00000)
  to   space 512K, 0% used [0x00000000e7c00000,0x00000000e7c00000,0x00000000e7c80000)
 ParOldGen       total 125440K, used 55630K [0x0000000084000000, 0x000000008ba80000, 0x00000000d6b00000)
  object space 125440K, 44% used [0x0000000084000000,0x00000000876539e8,0x000000008ba80000)
 Metaspace       used 99536K, capacity 106164K, committed 106584K, reserved 1142784K
  class space    used 11993K, capacity 13842K, committed 13952K, reserved 1048576K
Event: 71378.161 GC heap after
Heap after GC invocations=2397 (full 1192):
 PSYoungGen      total 279040K, used 0K [0x00000000d6b00000, 0x00000000e7c80000, 0x0000000100000000)
  eden space 278528K, 0% used [0x00000000d6b00000,0x00000000d6b00000,0x00000000e7b00000)
  from space 512K, 0% used [0x00000000e7b80000,0x00000000e7b80000,0x00000000e7c00000)
  to   space 512K, 0% used [0x00000000e7c00000,0x00000000e7c00000,0x00000000e7c80000)
 ParOldGen       total 125440K, used 55634K [0x0000000084000000, 0x000000008ba80000, 0x00000000d6b00000)
  object space 125440K, 44% used [0x0000000084000000,0x0000000087654aa0,0x000000008ba80000)
 Metaspace       used 99536K, capacity 106164K, committed 106584K, reserved 1142784K
  class space    used 11993K, capacity 13842K, committed 13952K, reserved 1048576K
}

Deoptimization events (10 events):
Event: 71426.196 Thread 0x00007f8ca800a000 Uncommon trap: reason=class_check action=maybe_recompile pc=0x00007f8c99a05d94 method=org.eclipse.jface.viewers.ViewerCell.setImage(Lorg/eclipse/swt/graphics/Image;)V @ 9
Event: 71426.196 Thread 0x00007f8ca800a000 Uncommon trap: reason=class_check action=maybe_recompile pc=0x00007f8c99a05d94 method=org.eclipse.jface.viewers.ViewerCell.setImage(Lorg/eclipse/swt/graphics/Image;)V @ 9
Event: 71426.196 Thread 0x00007f8ca800a000 Uncommon trap: reason=class_check action=maybe_recompile pc=0x00007f8c99a05d94 method=org.eclipse.jface.viewers.ViewerCell.setImage(Lorg/eclipse/swt/graphics/Image;)V @ 9
Event: 71426.196 Thread 0x00007f8ca800a000 Uncommon trap: reason=unstable_if action=reinterpret pc=0x00007f8c9ca8c860 method=org.eclipse.swt.widgets.Table.cellDataProc(JJJJJ)J @ 277
Event: 71426.197 Thread 0x00007f8ca800a000 Uncommon trap: reason=class_check action=maybe_recompile pc=0x00007f8c99a05d94 method=org.eclipse.jface.viewers.ViewerCell.setImage(Lorg/eclipse/swt/graphics/Image;)V @ 9
Event: 71426.280 Thread 0x00007f8ca800a000 Uncommon trap: reason=unstable_if action=reinterpret pc=0x00007f8c99d50900 method=org.eclipse.swt.widgets.Display.sleep()Z @ 25
Event: 71426.280 Thread 0x00007f8ca800a000 Uncommon trap: reason=unstable_if action=reinterpret pc=0x00007f8c9997a0b8 method=org.eclipse.swt.widgets.Display.runSettings()Z @ 4
Event: 71426.535 Thread 0x00007f8ca93f0800 Uncommon trap: reason=unstable_if action=reinterpret pc=0x00007f8c9bdcad9c method=java.util.concurrent.locks.ReentrantLock$Sync.nonfairTryAcquire(I)Z @ 34
Event: 71426.535 Thread 0x00007f8ca93f0800 Uncommon trap: reason=unstable_if action=reinterpret pc=0x00007f8c9b4afe34 method=java.util.concurrent.locks.ReentrantLock$Sync.nonfairTryAcquire(I)Z @ 34
Event: 71426.535 Thread 0x00007f8ca93f0800 Uncommon trap: reason=unstable_if action=reinterpret pc=0x00007f8c9a6c6e34 method=java.util.concurrent.locks.ReentrantLock$Sync.nonfairTryAcquire(I)Z @ 34

Internal exceptions (10 events):
Event: 4432.469 Thread 0x00007f8ca800a000 Exception <a 'java/lang/NullPointerException'> (0x00000000ddc0bf78) thrown at [/build/openjdk-8-YiEakL/openjdk-8-8u121-b13/src/hotspot/src/share/vm/runtime/sharedRuntime.cpp, line 605]
Event: 4433.346 Thread 0x00007f8ca800a000 Implicit null exception at 0x00007f8c9a9338a5 to 0x00007f8c9a934525
Event: 4439.848 Thread 0x00007f8c7801c000 Implicit null exception at 0x00007f8c9a09f324 to 0x00007f8c9a0a0ec1
Event: 4439.849 Thread 0x00007f8c7801c000 Implicit null exception at 0x00007f8c9a9f6fff to 0x00007f8c9a9f9325
Event: 4944.166 Thread 0x00007f8ca800a000 Exception <a 'java/lang/ClassNotFoundException': > (0x00000000d95ae818) thrown at [/build/openjdk-8-YiEakL/openjdk-8-8u121-b13/src/hotspot/src/share/vm/prims/jni.cpp, line 735]
Event: 5042.518 Thread 0x00007f8ca800a000 Implicit null exception at 0x00007f8c9b49d5f2 to 0x00007f8c9b4a1421
Event: 5104.991 Thread 0x00007f8ca800a000 Implicit null exception at 0x00007f8c9bafa47f to 0x00007f8c9bafafe1
Event: 5104.991 Thread 0x00007f8ca800a000 Implicit null exception at 0x00007f8c9b29f20f to 0x00007f8c9b2a05fd
Event: 5104.991 Thread 0x00007f8ca800a000 Implicit null exception at 0x00007f8c9b29daa3 to 0x00007f8c9b29df3d
Event: 5348.237 Thread 0x00007f8ca800a000 Implicit null exception at 0x00007f8c99e8f232 to 0x00007f8c99e8f79b

Events (10 events):
Event: 71426.500 Executing VM operation: RevokeBias done
Event: 71426.535 Thread 0x00007f8ca93f0800 Uncommon trap: trap_request=0xffffff65 fr.pc=0x00007f8c9bdcad9c
Event: 71426.535 Thread 0x00007f8ca93f0800 DEOPT PACKING pc=0x00007f8c9bdcad9c sp=0x00007f8c08eaa230
Event: 71426.535 Thread 0x00007f8ca93f0800 DEOPT UNPACKING pc=0x00007f8c99004f69 sp=0x00007f8c08eaa018 mode 2
Event: 71426.535 Thread 0x00007f8ca93f0800 Uncommon trap: trap_request=0xffffff65 fr.pc=0x00007f8c9b4afe34
Event: 71426.535 Thread 0x00007f8ca93f0800 DEOPT PACKING pc=0x00007f8c9b4afe34 sp=0x00007f8c08ea9fd0
Event: 71426.535 Thread 0x00007f8ca93f0800 DEOPT UNPACKING pc=0x00007f8c99004f69 sp=0x00007f8c08ea9f18 mode 2
Event: 71426.535 Thread 0x00007f8ca93f0800 Uncommon trap: trap_request=0xffffff65 fr.pc=0x00007f8c9a6c6e34
Event: 71426.535 Thread 0x00007f8ca93f0800 DEOPT PACKING pc=0x00007f8c9a6c6e34 sp=0x00007f8c08ea9f50
Event: 71426.535 Thread 0x00007f8ca93f0800 DEOPT UNPACKING pc=0x00007f8c99004f69 sp=0x00007f8c08ea9f08 mode 2


Dynamic libraries:
00400000-00401000 r-xp 00000000 08:05 3015650                            /usr/lib/jvm/java-8-openjdk-amd64/jre/bin/java
00600000-00601000 r--p 00000000 08:05 3015650                            /usr/lib/jvm/java-8-openjdk-amd64/jre/bin/java
00601000-00602000 rw-p 00001000 08:05 3015650                            /usr/lib/jvm/java-8-openjdk-amd64/jre/bin/java
00d2a000-00db6000 rw-p 00000000 00:00 0                                  [heap]
84000000-8ba80000 rw-p 00000000 00:00 0 
8ba80000-d6b00000 ---p 00000000 00:00 0 
d6b00000-e7c80000 rw-p 00000000 00:00 0 
e7c80000-100000000 ---p 00000000 00:00 0 
100000000-100da0000 rw-p 00000000 00:00 0 
100da0000-140000000 ---p 00000000 00:00 0 
7f8c01cb9000-7f8c01d39000 rw-p 00000000 00:00 0 
7f8c01d39000-7f8c01eb9000 ---p 00000000 00:00 0 
7f8c01eb9000-7f8c01f54000 r--p 00000000 08:05 11017010                   /usr/share/fonts/truetype/dejavu/DejaVuSans-Oblique.ttf
7f8c01f54000-7f8c02154000 rw-p 00000000 00:00 0 
7f8c02154000-7f8c02354000 rw-p 00000000 00:00 0 
7f8c02354000-7f8c02554000 rw-p 00000000 00:00 0 
7f8c02554000-7f8c02557000 ---p 00000000 00:00 0 
7f8c02557000-7f8c02655000 rw-p 00000000 00:00 0 
7f8c02655000-7f8c02658000 ---p 00000000 00:00 0 
7f8c02658000-7f8c02956000 rw-p 00000000 00:00 0 
7f8c029aa000-7f8c02a56000 r--p 00000000 08:05 11012683                   /usr/share/fonts/truetype/dejavu/DejaVuSans-Bold.ttf
7f8c02a56000-7f8c02b0f000 r--p 00000000 08:05 11012684                   /usr/share/fonts/truetype/dejavu/DejaVuSans.ttf
7f8c02b0f000-7f8c02d0f000 rw-p 00000000 00:00 0 
7f8c02d0f000-7f8c02d12000 ---p 00000000 00:00 0 
7f8c02d12000-7f8c02e10000 rw-p 00000000 00:00 0 
7f8c02e10000-7f8c02e13000 ---p 00000000 00:00 0 
7f8c02e13000-7f8c02f11000 rw-p 00000000 00:00 0 
7f8c02f69000-7f8c02f6c000 ---p 00000000 00:00 0 
7f8c02f6c000-7f8c0306a000 rw-p 00000000 00:00 0 
7f8c0306a000-7f8c0306d000 ---p 00000000 00:00 0 
7f8c0306d000-7f8c0336b000 rw-p 00000000 00:00 0 
7f8c03381000-7f8c03481000 rw-s 00000000 00:05 6750230                    /SYSV00000000 (deleted)
7f8c03481000-7f8c03681000 rw-p 00000000 00:00 0 
7f8c03681000-7f8c036d3000 r-xp 00000000 08:05 3015600                    /usr/lib/jvm/java-8-openjdk-amd64/jre/lib/amd64/libfontmanager.so
7f8c036d3000-7f8c038d3000 ---p 00052000 08:05 3015600                    /usr/lib/jvm/java-8-openjdk-amd64/jre/lib/amd64/libfontmanager.so
7f8c038d3000-7f8c038d5000 r--p 00052000 08:05 3015600                    /usr/lib/jvm/java-8-openjdk-amd64/jre/lib/amd64/libfontmanager.so
7f8c038d5000-7f8c038d6000 rw-p 00054000 08:05 3015600                    /usr/lib/jvm/java-8-openjdk-amd64/jre/lib/amd64/libfontmanager.so
7f8c038d6000-7f8c0392a000 r-xp 00000000 08:05 3015612                    /usr/lib/jvm/java-8-openjdk-amd64/jre/lib/amd64/libawt_xawt.so
7f8c0392a000-7f8c03b2a000 ---p 00054000 08:05 3015612                    /usr/lib/jvm/java-8-openjdk-amd64/jre/lib/amd64/libawt_xawt.so
7f8c03b2a000-7f8c03b2b000 r--p 00054000 08:05 3015612                    /usr/lib/jvm/java-8-openjdk-amd64/jre/lib/amd64/libawt_xawt.so
7f8c03b2b000-7f8c03b2e000 rw-p 00055000 08:05 3015612                    /usr/lib/jvm/java-8-openjdk-amd64/jre/lib/amd64/libawt_xawt.so
7f8c03b2e000-7f8c03b2f000 rw-p 00000000 00:00 0 
7f8c03b2f000-7f8c03bcf000 r-xp 00000000 08:05 3015618                    /usr/lib/jvm/java-8-openjdk-amd64/jre/lib/amd64/libawt.so
7f8c03bcf000-7f8c03dcf000 ---p 000a0000 08:05 3015618                    /usr/lib/jvm/java-8-openjdk-amd64/jre/lib/amd64/libawt.so
7f8c03dcf000-7f8c03dd0000 r--p 000a0000 08:05 3015618                    /usr/lib/jvm/java-8-openjdk-amd64/jre/lib/amd64/libawt.so
7f8c03dd0000-7f8c03ddb000 rw-p 000a1000 08:05 3015618                    /usr/lib/jvm/java-8-openjdk-amd64/jre/lib/amd64/libawt.so
7f8c03ddb000-7f8c04000000 rw-p 00000000 00:00 0 
7f8c04000000-7f8c04661000 rw-p 00000000 00:00 0 
7f8c04661000-7f8c08000000 ---p 00000000 00:00 0 
7f8c0804a000-7f8c080a7000 r--p 00000000 08:05 11012688                   /usr/share/fonts/truetype/dejavu/DejaVuSerif.ttf
7f8c080a7000-7f8c082a7000 rw-p 00000000 00:00 0 
7f8c082a7000-7f8c082a9000 r-xp 00000000 08:05 9966663                    /usr/lib/x86_64-linux-gnu/gconv/ISO8859-1.so
7f8c082a9000-7f8c084a8000 ---p 00002000 08:05 9966663                    /usr/lib/x86_64-linux-gnu/gconv/ISO8859-1.so
7f8c084a8000-7f8c084a9000 r--p 00001000 08:05 9966663                    /usr/lib/x86_64-linux-gnu/gconv/ISO8859-1.so
7f8c084a9000-7f8c084aa000 rw-p 00002000 08:05 9966663                    /usr/lib/x86_64-linux-gnu/gconv/ISO8859-1.so
7f8c084aa000-7f8c086aa000 rw-p 00000000 00:00 0 
7f8c086aa000-7f8c088aa000 rw-p 00000000 00:00 0 
7f8c088aa000-7f8c08aaa000 rw-p 00000000 00:00 0 
7f8c08aaa000-7f8c08caa000 rw-p 00000000 00:00 0 
7f8c08caa000-7f8c08cad000 ---p 00000000 00:00 0 
7f8c08cad000-7f8c08dab000 rw-p 00000000 00:00 0 
7f8c08dab000-7f8c08dae000 ---p 00000000 00:00 0 
7f8c08dae000-7f8c090ac000 rw-p 00000000 00:00 0 
7f8c090ac000-7f8c093de000 r-xp 00000000 08:05 1707298                    /home/stavros/omnetpp-5.0/ide/plugins/org.omnetpp.ide.nativelibs.linux.x86_64_5.0.0.160414-aa4629c/libopplibs.so
7f8c093de000-7f8c095dd000 ---p 00332000 08:05 1707298                    /home/stavros/omnetpp-5.0/ide/plugins/org.omnetpp.ide.nativelibs.linux.x86_64_5.0.0.160414-aa4629c/libopplibs.so
7f8c095dd000-7f8c095ec000 r--p 00331000 08:05 1707298                    /home/stavros/omnetpp-5.0/ide/plugins/org.omnetpp.ide.nativelibs.linux.x86_64_5.0.0.160414-aa4629c/libopplibs.so
7f8c095ec000-7f8c095f2000 rw-p 00340000 08:05 1707298                    /home/stavros/omnetpp-5.0/ide/plugins/org.omnetpp.ide.nativelibs.linux.x86_64_5.0.0.160414-aa4629c/libopplibs.so
7f8c095f2000-7f8c095f4000 rw-p 00000000 00:00 0 
7f8c09645000-7f8c0969c000 r--p 00000000 08:05 11012818                   /usr/share/fonts/truetype/ubuntu-font-family/Ubuntu-R.ttf
7f8c096f4000-7f8c096f7000 ---p 00000000 00:00 0 
7f8c096f7000-7f8c097f5000 rw-p 00000000 00:00 0 
7f8c097f5000-7f8c097f8000 ---p 00000000 00:00 0 
7f8c097f8000-7f8c098f6000 rw-p 00000000 00:00 0 
7f8c098f6000-7f8c098f9000 ---p 00000000 00:00 0 
7f8c098f9000-7f8c099f7000 rw-p 00000000 00:00 0 
7f8c099f7000-7f8c099fb000 r-xp 00000000 08:05 3543195                    /home/stavros/omnetpp-5.0/ide/configuration/org.eclipse.osgi/55/0/.cp/os/linux/x86_64/libspawner.so
7f8c099fb000-7f8c09bfa000 ---p 00004000 08:05 3543195                    /home/stavros/omnetpp-5.0/ide/configuration/org.eclipse.osgi/55/0/.cp/os/linux/x86_64/libspawner.so
7f8c09bfa000-7f8c09bfb000 rw-p 00003000 08:05 3543195                    /home/stavros/omnetpp-5.0/ide/configuration/org.eclipse.osgi/55/0/.cp/os/linux/x86_64/libspawner.so
7f8c09bfb000-7f8c09dfb000 rw-p 00000000 00:00 0 
7f8c09dfb000-7f8c0b6b1000 r-xp 00000000 08:05 9708142                    /usr/lib/x86_64-linux-gnu/libicudata.so.55.1 (deleted)
7f8c0b6b1000-7f8c0b8b0000 ---p 018b6000 08:05 9708142                    /usr/lib/x86_64-linux-gnu/libicudata.so.55.1 (deleted)
7f8c0b8b0000-7f8c0b8b1000 r--p 018b5000 08:05 9708142                    /usr/lib/x86_64-linux-gnu/libicudata.so.55.1 (deleted)
7f8c0b8b1000-7f8c0b8b2000 rw-p 018b6000 08:05 9708142                    /usr/lib/x86_64-linux-gnu/libicudata.so.55.1 (deleted)
7f8c0b8b2000-7f8c0ba31000 r-xp 00000000 08:05 9708156                    /usr/lib/x86_64-linux-gnu/libicuuc.so.55.1 (deleted)
7f8c0ba31000-7f8c0bc31000 ---p 0017f000 08:05 9708156                    /usr/lib/x86_64-linux-gnu/libicuuc.so.55.1 (deleted)
7f8c0bc31000-7f8c0bc41000 r--p 0017f000 08:05 9708156                    /usr/lib/x86_64-linux-gnu/libicuuc.so.55.1 (deleted)
7f8c0bc41000-7f8c0bc42000 rw-p 0018f000 08:05 9708156                    /usr/lib/x86_64-linux-gnu/libicuuc.so.55.1 (deleted)
7f8c0bc42000-7f8c0bc46000 rw-p 00000000 00:00 0 
7f8c0bc46000-7f8c0bdf5000 r-xp 00000000 08:05 9701595                    /usr/lib/x86_64-linux-gnu/libxml2.so.2.9.3
7f8c0bdf5000-7f8c0bff5000 ---p 001af000 08:05 9701595                    /usr/lib/x86_64-linux-gnu/libxml2.so.2.9.3
7f8c0bff5000-7f8c0bffd000 r--p 001af000 08:05 9701595                    /usr/lib/x86_64-linux-gnu/libxml2.so.2.9.3
7f8c0bffd000-7f8c0bfff000 rw-p 001b7000 08:05 9701595                    /usr/lib/x86_64-linux-gnu/libxml2.so.2.9.3
7f8c0bfff000-7f8c0c000000 rw-p 00000000 00:00 0 
7f8c0c000000-7f8c0c204000 rw-p 00000000 00:00 0 
7f8c0c204000-7f8c10000000 ---p 00000000 00:00 0 
7f8c10000000-7f8c10156000 rw-p 00000000 00:00 0 
7f8c10156000-7f8c14000000 ---p 00000000 00:00 0 
7f8c14000000-7f8c14021000 rw-p 00000000 00:00 0 
7f8c14021000-7f8c18000000 ---p 00000000 00:00 0 
7f8c18000000-7f8c1862a000 rw-p 00000000 00:00 0 
7f8c1862a000-7f8c1c000000 ---p 00000000 00:00 0 
7f8c1c000000-7f8c1c230000 rw-p 00000000 00:00 0 
7f8c1c230000-7f8c20000000 ---p 00000000 00:00 0 
7f8c20000000-7f8c2018f000 rw-p 00000000 00:00 0 
7f8c2018f000-7f8c24000000 ---p 00000000 00:00 0 
7f8c2403f000-7f8c24042000 ---p 00000000 00:00 0 
7f8c24042000-7f8c24140000 rw-p 00000000 00:00 0 
7f8c24140000-7f8c24177000 r--s 0027d000 08:05 1707541                    /home/stavros/omnetpp-5.0/ide/plugins/org.eclipse.debug.ui_3.10.2.v20141014-1039.jar
7f8c24177000-7f8c241ae000 r-xp 00000000 08:05 9707699                    /usr/lib/x86_64-linux-gnu/libcroco-0.6.so.3.0.1
7f8c241ae000-7f8c243ae000 ---p 00037000 08:05 9707699                    /usr/lib/x86_64-linux-gnu/libcroco-0.6.so.3.0.1
7f8c243ae000-7f8c243b1000 r--p 00037000 08:05 9707699                    /usr/lib/x86_64-linux-gnu/libcroco-0.6.so.3.0.1
7f8c243b1000-7f8c243b2000 rw-p 0003a000 08:05 9707699                    /usr/lib/x86_64-linux-gnu/libcroco-0.6.so.3.0.1
7f8c243b2000-7f8c243e7000 r-xp 00000000 08:05 9708515                    /usr/lib/x86_64-linux-gnu/librsvg-2.so.2.40.13
7f8c243e7000-7f8c245e7000 ---p 00035000 08:05 9708515                    /usr/lib/x86_64-linux-gnu/librsvg-2.so.2.40.13
7f8c245e7000-7f8c245e8000 r--p 00035000 08:05 9708515                    /usr/lib/x86_64-linux-gnu/librsvg-2.so.2.40.13
7f8c245e8000-7f8c245e9000 rw-p 00036000 08:05 9708515                    /usr/lib/x86_64-linux-gnu/librsvg-2.so.2.40.13
7f8c2460e000-7f8c24610000 r-xp 00000000 08:05 9964901                    /usr/lib/x86_64-linux-gnu/gdk-pixbuf-2.0/2.10.0/loaders/libpixbufloader-svg.so
7f8c24610000-7f8c2480f000 ---p 00002000 08:05 9964901                    /usr/lib/x86_64-linux-gnu/gdk-pixbuf-2.0/2.10.0/loaders/libpixbufloader-svg.so
7f8c2480f000-7f8c24810000 r--p 00001000 08:05 9964901                    /usr/lib/x86_64-linux-gnu/gdk-pixbuf-2.0/2.10.0/loaders/libpixbufloader-svg.so
7f8c24810000-7f8c24811000 rw-p 00002000 08:05 9964901                    /usr/lib/x86_64-linux-gnu/gdk-pixbuf-2.0/2.10.0/loaders/libpixbufloader-svg.so
7f8c24861000-7f8c24a61000 rw-p 00000000 00:00 0 
7f8c24a61000-7f8c24a64000 ---p 00000000 00:00 0 
7f8c24a64000-7f8c24d62000 rw-p 00000000 00:00 0 
7f8c24d62000-7f8c24f62000 rw-p 00000000 00:00 0 
7f8c24f62000-7f8c25162000 rw-p 00000000 00:00 0 
7f8c25162000-7f8c25165000 ---p 00000000 00:00 0 
7f8c25165000-7f8c25263000 rw-p 00000000 00:00 0 
7f8c25263000-7f8c25266000 ---p 00000000 00:00 0 
7f8c25266000-7f8c25364000 rw-p 00000000 00:00 0 
7f8c25365000-7f8c253b9000 r--p 00000000 08:05 11012686                   /usr/share/fonts/truetype/dejavu/DejaVuSansMono.ttf
7f8c253b9000-7f8c253cb000 r--s 00111000 08:05 1707542                    /home/stavros/omnetpp-5.0/ide/plugins/org.eclipse.emf.ecore_2.10.2.v20150123-0348.jar
7f8c253cb000-7f8c253d6000 r--s 00084000 08:05 2625759                    /home/stavros/omnetpp-5.0/ide/configuration/org.eclipse.osgi/278/0/.cp/lib/httpclient-4.3.1.jar
7f8c253d6000-7f8c253e4000 r--s 0007f000 08:05 2625753                    /home/stavros/omnetpp-5.0/ide/configuration/org.eclipse.osgi/278/0/.cp/lib/commons-collections-3.2.1.jar
7f8c253f3000-7f8c25453000 rw-s 00000000 00:05 5079060                    /SYSV00000000 (deleted)
7f8c25453000-7f8c25653000 rw-p 00000000 00:00 0 
7f8c25653000-7f8c25656000 ---p 00000000 00:00 0 
7f8c25656000-7f8c25954000 rw-p 00000000 00:00 0 
7f8c25959000-7f8c2595c000 ---p 00000000 00:00 0 
7f8c2595c000-7f8c25992000 rw-p 00000000 00:00 0 
7f8c259e1000-7f8c25a27000 r--p 00000000 08:05 3026676                    /usr/share/fonts/truetype/msttcorefonts/Arial_Bold.ttf
7f8c25a27000-7f8c25a30000 r--s 00048000 08:05 1707420                    /home/stavros/omnetpp-5.0/ide/plugins/org.eclipse.cdt.dsf_2.6.0.201502131403.jar
7f8c25a30000-7f8c25a52000 r--s 00175000 08:05 1707363                    /home/stavros/omnetpp-5.0/ide/plugins/org.eclipse.cdt.dsf.gdb_4.6.0.201502131403.jar
7f8c25a52000-7f8c25a5f000 r--s 0007e000 08:05 1707379                    /home/stavros/omnetpp-5.0/ide/plugins/org.eclipse.cdt.debug.core_7.6.0.201502131403.jar
7f8c25a5f000-7f8c25a79000 r--s 0010a000 08:05 1707391                    /home/stavros/omnetpp-5.0/ide/plugins/org.eclipse.cdt.debug.ui_7.5.0.201502131403.jar
7f8c25ad8000-7f8c25cd8000 rw-p 00000000 00:00 0 
7f8c25cd8000-7f8c25ed8000 rw-p 00000000 00:00 0 
7f8c25ed8000-7f8c260d8000 rw-p 00000000 00:00 0 
7f8c260d8000-7f8c262d8000 rw-p 00000000 00:00 0 
7f8c262d8000-7f8c262e6000 r--s 000ab000 08:05 1707415                    /home/stavros/omnetpp-5.0/ide/plugins/org.eclipse.compare_3.5.501.v20140817-1445.jar
7f8c262e6000-7f8c262f6000 r--s 008a3000 08:05 1707141                    /home/stavros/omnetpp-5.0/ide/plugins/org.omnetpp.common_5.0.0.160414-aa4629c.jar
7f8c262f6000-7f8c262f9000 ---p 00000000 00:00 0 
7f8c262f9000-7f8c265f7000 rw-p 00000000 00:00 0 
7f8c265f7000-7f8c265fa000 ---p 00000000 00:00 0 
7f8c265fa000-7f8c268f8000 rw-p 00000000 00:00 0 
7f8c268f8000-7f8c26af8000 rw-p 00000000 00:00 0 
7f8c26af8000-7f8c26cf8000 rw-p 00000000 00:00 0 
7f8c26cf8000-7f8c26ef8000 rw-p 00000000 00:00 0 
7f8c26ef8000-7f8c26efe000 r-xp 00000000 08:05 9972753                    /usr/lib/x86_64-linux-gnu/gdk-pixbuf-2.0/2.10.0/loaders/libpixbufloader-gif.so
7f8c26efe000-7f8c270fd000 ---p 00006000 08:05 9972753                    /usr/lib/x86_64-linux-gnu/gdk-pixbuf-2.0/2.10.0/loaders/libpixbufloader-gif.so
7f8c270fd000-7f8c270fe000 r--p 00005000 08:05 9972753                    /usr/lib/x86_64-linux-gnu/gdk-pixbuf-2.0/2.10.0/loaders/libpixbufloader-gif.so
7f8c270fe000-7f8c270ff000 rw-p 00006000 08:05 9972753                    /usr/lib/x86_64-linux-gnu/gdk-pixbuf-2.0/2.10.0/loaders/libpixbufloader-gif.so
7f8c270ff000-7f8c272f5000 rw-p 00000000 00:00 0 
7f8c272f5000-7f8c272ff000 ---p 00000000 00:00 0 
7f8c272ff000-7f8c27302000 ---p 00000000 00:00 0 
7f8c27302000-7f8c27400000 rw-p 00000000 00:00 0 
7f8c27408000-7f8c2740e000 r--s 00048000 08:05 2755161                    /home/stavros/omnetpp-5.0/ide/configuration/org.eclipse.osgi/279/0/.cp/lib/commons-lang3-3.1.jar
7f8c2740e000-7f8c27421000 r--s 00346000 08:05 3015621                    /usr/lib/jvm/java-8-openjdk-amd64/jre/lib/resources.jar
7f8c27421000-7f8c2743f000 r--s 001b4000 08:05 1707314                    /home/stavros/omnetpp-5.0/ide/plugins/org.eclipse.jgit_3.4.2.201412180340-r.jar
7f8c2743f000-7f8c27450000 r--s 00133000 08:05 1707510                    /home/stavros/omnetpp-5.0/ide/plugins/org.eclipse.cdt.managedbuilder.core_8.3.0.201502131403.jar
7f8c27450000-7f8c27459000 r--s 00064000 08:05 1707452                    /home/stavros/omnetpp-5.0/ide/plugins/org.eclipse.cdt.make.core_7.3.0.201502131403.jar
7f8c27459000-7f8c274aa000 r--s 004bc000 08:05 1707339                    /home/stavros/omnetpp-5.0/ide/plugins/org.eclipse.cdt.core_5.9.1.201502131403.jar
7f8c274aa000-7f8c274be000 r--s 000e1000 08:05 1707306                    /home/stavros/omnetpp-5.0/ide/plugins/org.eclipse.jface.text_3.9.2.v20141003-1326.jar
7f8c274be000-7f8c274c9000 r--s 00084000 08:05 1707334                    /home/stavros/omnetpp-5.0/ide/plugins/org.eclipse.ui.workbench.texteditor_3.9.0.v20140411-1521.jar
7f8c274c9000-7f8c274d2000 r--s 0005a000 08:05 1707547                    /home/stavros/omnetpp-5.0/ide/plugins/org.eclipse.ui.navigator_3.5.401.v20140724-1117.jar
7f8c274d2000-7f8c274dd000 r--s 00082000 08:05 1707351                    /home/stavros/omnetpp-5.0/ide/plugins/org.eclipse.ui.editors_3.8.200.v20140401-1310.jar
7f8c27534000-7f8c27547000 r--s 0010f000 08:05 1707185                    /home/stavros/omnetpp-5.0/ide/plugins/org.omnetpp.scave_5.0.0.160414-aa4629c.jar
7f8c27547000-7f8c27550000 r--s 0005a000 08:05 1707345                    /home/stavros/omnetpp-5.0/ide/plugins/org.eclipse.team.core_3.7.0.v20130514-1224.jar
7f8c27557000-7f8c2755a000 ---p 00000000 00:00 0 
7f8c2755a000-7f8c27858000 rw-p 00000000 00:00 0 
7f8c27858000-7f8c2785b000 ---p 00000000 00:00 0 
7f8c2785b000-7f8c27959000 rw-p 00000000 00:00 0 
7f8c2795e000-7f8c27966000 r--s 00050000 08:05 1707195                    /home/stavros/omnetpp-5.0/ide/plugins/org.eclipse.debug.core_3.9.1.v20140805-1629.jar
7f8c27966000-7f8c2796b000 r--s 00026000 08:05 2625757                    /home/stavros/omnetpp-5.0/ide/configuration/org.eclipse.osgi/278/0/.cp/lib/commons-math-1.1.jar
7f8c2796b000-7f8c27978000 r--s 00095000 08:05 1707187                    /home/stavros/omnetpp-5.0/ide/plugins/org.omnetpp.ned.editor_5.0.0.160414-aa4629c.jar
7f8c2797d000-7f8c27999000 r--s 00144000 08:05 1707478                    /home/stavros/omnetpp-5.0/ide/plugins/org.eclipse.team.ui_3.7.100.v20130710-1213.jar
7f8c2799c000-7f8c279a0000 r--s 0001c000 08:05 1707539                    /home/stavros/omnetpp-5.0/ide/plugins/org.eclipse.ui.navigator.resources_3.4.700.v20140407-1004.jar
7f8c279a3000-7f8c279a6000 r--s 00012000 08:05 1707535                    /home/stavros/omnetpp-5.0/ide/plugins/org.omnetpp.launch_5.0.0.160414-aa4629c.jar
7f8c279b6000-7f8c279bc000 r--s 0003f000 08:05 2625760                    /home/stavros/omnetpp-5.0/ide/configuration/org.eclipse.osgi/278/0/.cp/lib/httpcore-4.3.jar
7f8c279bc000-7f8c279c1000 r--s 002f9000 08:05 3015644                    /usr/lib/jvm/java-8-openjdk-amd64/jre/lib/charsets.jar
7f8c279c1000-7f8c279c7000 r--s 00040000 08:05 1707462                    /home/stavros/omnetpp-5.0/ide/plugins/org.omnetpp.ide.nativelibs_5.0.0.160414-aa4629c.jar
7f8c279c7000-7f8c279d1000 r--s 00082000 08:05 1707456                    /home/stavros/omnetpp-5.0/ide/plugins/org.eclipse.draw2d_3.9.101.201408150207.jar
7f8c279d1000-7f8c27a00000 r--s 00245000 08:05 1707355                    /home/stavros/omnetpp-5.0/ide/plugins/org.eclipse.egit.ui_3.4.2.201412180340-r.jar
7f8c27a00000-7f8c27c00000 rw-p 00000000 00:00 0 
7f8c27c00000-7f8c27e00000 rw-p 00000000 00:00 0 
7f8c27e00000-7f8c28000000 rw-p 00000000 00:00 0 
7f8c28000000-7f8c2807c000 rw-p 00000000 00:00 0 
7f8c2807c000-7f8c2c000000 ---p 00000000 00:00 0 
7f8c2c000000-7f8c2c0ad000 rw-p 00000000 00:00 0 
7f8c2c0ad000-7f8c30000000 ---p 00000000 00:00 0 
7f8c30000000-7f8c3062f000 rw-p 00000000 00:00 0 
7f8c3062f000-7f8c34000000 ---p 00000000 00:00 0 
7f8c34001000-7f8c34006000 r--s 0002c000 08:05 1707520                    /home/stavros/omnetpp-5.0/ide/plugins/org.eclipse.e4.ui.css.swt_0.11.101.v20140818-1343.jar
7f8c34032000-7f8c34039000 r--s 00000000 08:05 9965473                    /usr/lib/x86_64-linux-gnu/gconv/gconv-modules.cache
7f8c34039000-7f8c34098000 r--s 0055e000 08:05 1707502                    /home/stavros/omnetpp-5.0/ide/plugins/org.eclipse.cdt.ui_5.9.0.201502131403.jar
7f8c3409f000-7f8c3429f000 rw-p 00000000 00:00 0 
7f8c3429f000-7f8c342a1000 r-xp 00000000 08:05 3543191                    /home/stavros/omnetpp-5.0/ide/configuration/org.eclipse.osgi/89/0/.cp/os/linux/x86_64/libunixfile_1_0_0.so
7f8c342a1000-7f8c343a0000 ---p 00002000 08:05 3543191                    /home/stavros/omnetpp-5.0/ide/configuration/org.eclipse.osgi/89/0/.cp/os/linux/x86_64/libunixfile_1_0_0.so
7f8c343a0000-7f8c343a1000 rw-p 00001000 08:05 3543191                    /home/stavros/omnetpp-5.0/ide/configuration/org.eclipse.osgi/89/0/.cp/os/linux/x86_64/libunixfile_1_0_0.so
7f8c343a1000-7f8c345a1000 rw-p 00000000 00:00 0 
7f8c345bf000-7f8c345c5000 r--s 00050000 08:05 1707352                    /home/stavros/omnetpp-5.0/ide/plugins/org.omnetpp.cdt_5.0.0.160414-aa4629c.jar
7f8c345c9000-7f8c345d4000 r--s 0006d000 08:05 1707151                    /home/stavros/omnetpp-5.0/ide/plugins/org.eclipse.cdt.make.ui_7.2.0.201502131403.jar
7f8c345d7000-7f8c345dc000 r--s 0002e000 08:05 1707328                    /home/stavros/omnetpp-5.0/ide/plugins/org.omnetpp.ned.model_5.0.0.160414-aa4629c.jar
7f8c345dc000-7f8c345e3000 r--s 00046000 08:05 2625754                    /home/stavros/omnetpp-5.0/ide/configuration/org.eclipse.osgi/278/0/.cp/lib/commons-compress-1.6.jar
7f8c345e3000-7f8c345e9000 r--s 00033000 08:05 2625752                    /home/stavros/omnetpp-5.0/ide/configuration/org.eclipse.osgi/278/0/.cp/lib/commons-codec-1.6.jar
7f8c345f3000-7f8c345f7000 r--s 00028000 08:05 1707444                    /home/stavros/omnetpp-5.0/ide/plugins/org.eclipse.ui.console_3.5.300.v20140424-1437.jar
7f8c345fa000-7f8c34603000 r--s 00074000 08:05 1707543                    /home/stavros/omnetpp-5.0/ide/plugins/org.omnetpp.inifile.editor_5.0.0.160414-aa4629c.jar
7f8c34604000-7f8c34616000 r--s 000be000 08:05 1707495                    /home/stavros/omnetpp-5.0/ide/plugins/org.eclipse.gef_3.9.100.201408150207.jar
7f8c34616000-7f8c3461d000 r--s 00050000 08:05 1707134                    /home/stavros/omnetpp-5.0/ide/plugins/org.eclipse.emf.common_2.10.1.v20150123-0348.jar
7f8c3461d000-7f8c34621000 r--s 0001b000 08:05 1707512                    /home/stavros/omnetpp-5.0/ide/plugins/org.eclipse.cdt.codan.ui_3.2.0.201502131403.jar
7f8c34621000-7f8c34673000 r--p 00000000 08:05 11012811                   /usr/share/fonts/truetype/ubuntu-font-family/Ubuntu-B.ttf
7f8c34673000-7f8c3467f000 r--s 0007e000 08:05 1707197                    /home/stavros/omnetpp-5.0/ide/plugins/org.eclipse.cdt.debug.mi.core_7.3.0.201502131403.jar
7f8c3467f000-7f8c3468f000 r--s 000a0000 08:05 1707448                    /home/stavros/omnetpp-5.0/ide/plugins/org.eclipse.cdt.dsf.gdb.ui_2.4.0.201502131403.jar
7f8c346b7000-7f8c346be000 r--s 00057000 08:05 1707120                    /home/stavros/omnetpp-5.0/ide/plugins/org.eclipse.egit.core_3.4.2.201412180340-r.jar
7f8c346be000-7f8c346c8000 r--s 00066000 08:05 1707175                    /home/stavros/omnetpp-5.0/ide/plugins/org.eclipse.ltk.ui.refactoring_3.7.100.v20140324-1358.jar
7f8c346c8000-7f8c346cd000 r--s 00045000 08:05 1707354                    /home/stavros/omnetpp-5.0/ide/plugins/org.eclipse.ui.forms_3.6.100.v20140422-1825.jar
7f8c346cd000-7f8c346d7000 r-xp 00000000 08:05 2625811                    /home/stavros/omnetpp-5.0/ide/configuration/org.eclipse.osgi/251/0/.cp/libswt-atk-gtk-4430.so
7f8c346d7000-7f8c348d7000 ---p 0000a000 08:05 2625811                    /home/stavros/omnetpp-5.0/ide/configuration/org.eclipse.osgi/251/0/.cp/libswt-atk-gtk-4430.so
7f8c348d7000-7f8c348d8000 rw-p 0000a000 08:05 2625811                    /home/stavros/omnetpp-5.0/ide/configuration/org.eclipse.osgi/251/0/.cp/libswt-atk-gtk-4430.so
7f8c348d8000-7f8c348d9000 ---p 00000000 00:00 0 
7f8c348d9000-7f8c350d9000 rw-p 00000000 00:00 0 
7f8c350d9000-7f8c350da000 ---p 00000000 00:00 0 
7f8c350da000-7f8c358da000 rw-p 00000000 00:00 0 
7f8c358da000-7f8c358db000 ---p 00000000 00:00 0 
7f8c358db000-7f8c360db000 rw-p 00000000 00:00 0 
7f8c360db000-7f8c360dc000 ---p 00000000 00:00 0 
7f8c360dc000-7f8c368dc000 rw-p 00000000 00:00 0 
7f8c368dc000-7f8c36912000 r-xp 00000000 08:05 9963391                    /usr/lib/x86_64-linux-gnu/gvfs/libgvfscommon.so
7f8c36912000-7f8c36b12000 ---p 00036000 08:05 9963391                    /usr/lib/x86_64-linux-gnu/gvfs/libgvfscommon.so
7f8c36b12000-7f8c36b17000 r--p 00036000 08:05 9963391                    /usr/lib/x86_64-linux-gnu/gvfs/libgvfscommon.so
7f8c36b17000-7f8c36b18000 rw-p 0003b000 08:05 9963391                    /usr/lib/x86_64-linux-gnu/gvfs/libgvfscommon.so
7f8c36b18000-7f8c36b48000 r-xp 00000000 08:05 9963390                    /usr/lib/x86_64-linux-gnu/gio/modules/libgvfsdbus.so
7f8c36b48000-7f8c36d47000 ---p 00030000 08:05 9963390                    /usr/lib/x86_64-linux-gnu/gio/modules/libgvfsdbus.so
7f8c36d47000-7f8c36d48000 r--p 0002f000 08:05 9963390                    /usr/lib/x86_64-linux-gnu/gio/modules/libgvfsdbus.so
7f8c36d48000-7f8c36d49000 rw-p 00030000 08:05 9963390                    /usr/lib/x86_64-linux-gnu/gio/modules/libgvfsdbus.so
7f8c36d49000-7f8c36d4a000 rw-p 00000000 00:00 0 
7f8c36d4a000-7f8c36db0000 r-xp 00000000 08:05 9708134                    /usr/lib/x86_64-linux-gnu/libibus-1.0.so.5.0.511
7f8c36db0000-7f8c36faf000 ---p 00066000 08:05 9708134                    /usr/lib/x86_64-linux-gnu/libibus-1.0.so.5.0.511
7f8c36faf000-7f8c36fb1000 r--p 00065000 08:05 9708134                    /usr/lib/x86_64-linux-gnu/libibus-1.0.so.5.0.511
7f8c36fb1000-7f8c36fb2000 rw-p 00067000 08:05 9708134                    /usr/lib/x86_64-linux-gnu/libibus-1.0.so.5.0.511
7f8c36fb2000-7f8c36fb3000 rw-p 00000000 00:00 0 
7f8c36fb3000-7f8c36fb9000 r-xp 00000000 08:05 9965167                    /usr/lib/x86_64-linux-gnu/gtk-2.0/2.10.0/immodules/im-ibus.so
7f8c36fb9000-7f8c371b9000 ---p 00006000 08:05 9965167                    /usr/lib/x86_64-linux-gnu/gtk-2.0/2.10.0/immodules/im-ibus.so
7f8c371b9000-7f8c371ba000 r--p 00006000 08:05 9965167                    /usr/lib/x86_64-linux-gnu/gtk-2.0/2.10.0/immodules/im-ibus.so
7f8c371ba000-7f8c371bb000 rw-p 00007000 08:05 9965167                    /usr/lib/x86_64-linux-gnu/gtk-2.0/2.10.0/immodules/im-ibus.so
7f8c371bb000-7f8c371c0000 r-xp 00000000 08:05 9972759                    /usr/lib/x86_64-linux-gnu/gdk-pixbuf-2.0/2.10.0/loaders/libpixbufloader-png.so
7f8c371c0000-7f8c373bf000 ---p 00005000 08:05 9972759                    /usr/lib/x86_64-linux-gnu/gdk-pixbuf-2.0/2.10.0/loaders/libpixbufloader-png.so
7f8c373bf000-7f8c373c0000 r--p 00004000 08:05 9972759                    /usr/lib/x86_64-linux-gnu/gdk-pixbuf-2.0/2.10.0/loaders/libpixbufloader-png.so
7f8c373c0000-7f8c373c1000 rw-p 00005000 08:05 9972759                    /usr/lib/x86_64-linux-gnu/gdk-pixbuf-2.0/2.10.0/loaders/libpixbufloader-png.so
7f8c373c1000-7f8c373c4000 r--s 0002b000 08:05 1707530                    /home/stavros/omnetpp-5.0/ide/plugins/org.omnetpp.main_5.0.0.160414-aa4629c.jar
7f8c373c7000-7f8c37418000 r--p 00000000 08:05 11012685                   /usr/share/fonts/truetype/dejavu/DejaVuSansMono-Bold.ttf
7f8c37418000-7f8c3741d000 r--s 00036000 08:05 1707467                    /home/stavros/omnetpp-5.0/ide/plugins/org.omnetpp.scave.model_5.0.0.160414-aa4629c.jar
7f8c3741d000-7f8c37422000 r--s 0003f000 08:05 1707511                    /home/stavros/omnetpp-5.0/ide/plugins/org.eclipse.emf.edit_2.10.1.v20150123-0452.jar
7f8c37422000-7f8c37427000 r--s 00034000 08:05 1707409                    /home/stavros/omnetpp-5.0/ide/plugins/org.eclipse.emf.edit.ui_2.10.2.v20150123-0452.jar
7f8c37427000-7f8c37431000 r--s 0006a000 08:05 1707365                    /home/stavros/omnetpp-5.0/ide/plugins/org.eclipse.search_3.9.100.v20140226-1637.jar
7f8c37431000-7f8c3746f000 r--p 00000000 08:05 11017013                   /usr/share/fonts/truetype/dejavu/DejaVuSansMono-Oblique.ttf
7f8c3746f000-7f8c37473000 r--s 00000000 08:05 4983083                    /var/cache/fontconfig/6aa41aa22e18b8fa06a12da28ea9c28b-le64.cache-6
7f8c37473000-7f8c3747e000 r--s 00000000 08:05 4982782                    /var/cache/fontconfig/945677eb7aeaf62f1d50efc3fb3ec7d8-le64.cache-6
7f8c3747e000-7f8c37480000 r--s 00000000 08:05 4983032                    /var/cache/fontconfig/99e8ed0e538f840c565b6ed5dad60d56-le64.cache-6
7f8c37480000-7f8c37489000 r--s 00000000 08:05 4983031                    /var/cache/fontconfig/a6d8cf8e4ec09cdbc8633c31745a07dd-le64.cache-6
7f8c37489000-7f8c3748f000 r--s 00000000 08:05 4983025                    /var/cache/fontconfig/2cd17615ca594fa2959ae173292e504c-le64.cache-6
7f8c3748f000-7f8c37490000 r--s 00000000 08:05 4983024                    /var/cache/fontconfig/0d8c3b2ac0904cb8a57a757ad11a4a08-le64.cache-6
7f8c37490000-7f8c374a5000 r--s 00000000 08:05 4982995                    /var/cache/fontconfig/04aabc0a78ac019cf9454389977116d2-le64.cache-6
7f8c374a5000-7f8c374a6000 r--s 00000000 08:05 4982988                    /var/cache/fontconfig/1ac9eb803944fde146138c791f5cc56a-le64.cache-6
7f8c374a6000-7f8c374aa000 r--s 00000000 08:05 4982981                    /var/cache/fontconfig/385c0604a188198f04d133e54aba7fe7-le64.cache-6
7f8c374aa000-7f8c374ab000 r--s 00000000 08:05 4982895                    /var/cache/fontconfig/dc05db6664285cc2f12bf69c139ae4c3-le64.cache-6
7f8c374ab000-7f8c374ae000 r--s 00000000 08:05 4982894                    /var/cache/fontconfig/767a8244fc0220cfb567a839d0392e0b-le64.cache-6
7f8c374ae000-7f8c374b3000 r--s 00000000 08:05 4982866                    /var/cache/fontconfig/8801497958630a81b71ace7c5f9b32a8-le64.cache-6
7f8c374b3000-7f8c374ee000 r--s 00000000 08:05 4982865                    /var/cache/fontconfig/365b55f210c0a22e9a19e35191240f32-le64.cache-6
7f8c374ee000-7f8c374f7000 r-xp 00000000 08:05 2625795                    /home/stavros/omnetpp-5.0/ide/configuration/org.eclipse.osgi/251/0/.cp/libswt-cairo-gtk-4430.so
7f8c374f7000-7f8c376f7000 ---p 00009000 08:05 2625795                    /home/stavros/omnetpp-5.0/ide/configuration/org.eclipse.osgi/251/0/.cp/libswt-cairo-gtk-4430.so
7f8c376f7000-7f8c376f8000 rw-p 00009000 08:05 2625795                    /home/stavros/omnetpp-5.0/ide/configuration/org.eclipse.osgi/251/0/.cp/libswt-cairo-gtk-4430.so
7f8c376f8000-7f8c376fd000 r-xp 00000000 08:05 9707504                    /usr/lib/x86_64-linux-gnu/libXtst.so.6.1.0
7f8c376fd000-7f8c378fc000 ---p 00005000 08:05 9707504                    /usr/lib/x86_64-linux-gnu/libXtst.so.6.1.0
7f8c378fc000-7f8c378fd000 r--p 00004000 08:05 9707504                    /usr/lib/x86_64-linux-gnu/libXtst.so.6.1.0
7f8c378fd000-7f8c378fe000 rw-p 00005000 08:05 9707504                    /usr/lib/x86_64-linux-gnu/libXtst.so.6.1.0
7f8c378fe000-7f8c378ff000 r-xp 00000000 08:05 9700850                    /usr/lib/x86_64-linux-gnu/libgthread-2.0.so.0.4800.2
7f8c378ff000-7f8c37afe000 ---p 00001000 08:05 9700850                    /usr/lib/x86_64-linux-gnu/libgthread-2.0.so.0.4800.2
7f8c37afe000-7f8c37aff000 r--p 00000000 08:05 9700850                    /usr/lib/x86_64-linux-gnu/libgthread-2.0.so.0.4800.2
7f8c37aff000-7f8c37b00000 rw-p 00001000 08:05 9700850                    /usr/lib/x86_64-linux-gnu/libgthread-2.0.so.0.4800.2
7f8c37b00000-7f8c37b74000 r-xp 00000000 08:05 2625794                    /home/stavros/omnetpp-5.0/ide/configuration/org.eclipse.osgi/251/0/.cp/libswt-pi-gtk-4430.so
7f8c37b74000-7f8c37d74000 ---p 00074000 08:05 2625794                    /home/stavros/omnetpp-5.0/ide/configuration/org.eclipse.osgi/251/0/.cp/libswt-pi-gtk-4430.so
7f8c37d74000-7f8c37d77000 rw-p 00074000 08:05 2625794                    /home/stavros/omnetpp-5.0/ide/configuration/org.eclipse.osgi/251/0/.cp/libswt-pi-gtk-4430.so
7f8c37d77000-7f8c37d79000 rw-p 00000000 00:00 0 
7f8c37d79000-7f8c37df7000 r-xp 00000000 08:05 2625793                    /home/stavros/omnetpp-5.0/ide/configuration/org.eclipse.osgi/251/0/.cp/libswt-gtk-4430.so
7f8c37df7000-7f8c37ff6000 ---p 0007e000 08:05 2625793                    /home/stavros/omnetpp-5.0/ide/configuration/org.eclipse.osgi/251/0/.cp/libswt-gtk-4430.so
7f8c37ff6000-7f8c37ffe000 rw-p 0007d000 08:05 2625793                    /home/stavros/omnetpp-5.0/ide/configuration/org.eclipse.osgi/251/0/.cp/libswt-gtk-4430.so
7f8c37ffe000-7f8c38000000 rw-p 00000000 00:00 0 
7f8c38000000-7f8c380b2000 rw-p 00000000 00:00 0 
7f8c380b2000-7f8c3c000000 ---p 00000000 00:00 0 
7f8c3c000000-7f8c3c031000 rw-p 00000000 00:00 0 
7f8c3c031000-7f8c40000000 ---p 00000000 00:00 0 
7f8c40000000-7f8c401ae000 rw-p 00000000 00:00 0 
7f8c401ae000-7f8c44000000 ---p 00000000 00:00 0 
7f8c44000000-7f8c44021000 rw-p 00000000 00:00 0 
7f8c44021000-7f8c48000000 ---p 00000000 00:00 0 
7f8c48000000-7f8c4815b000 rw-p 00000000 00:00 0 
7f8c4815b000-7f8c4c000000 ---p 00000000 00:00 0 
7f8c4c000000-7f8c4c1a8000 rw-p 00000000 00:00 0 
7f8c4c1a8000-7f8c50000000 ---p 00000000 00:00 0 
7f8c50000000-7f8c50025000 rw-p 00000000 00:00 0 
7f8c50025000-7f8c54000000 ---p 00000000 00:00 0 
7f8c54000000-7f8c54001000 r--s 00000000 08:05 4986087                    /var/cache/fontconfig/4794a0821666d79190d59a36cb4f44b5-le64.cache-6
7f8c54001000-7f8c54007000 r--s 00000000 08:05 4982863                    /var/cache/fontconfig/ca37dee8d6057f2a069c1b3d05990269-le64.cache-6
7f8c54007000-7f8c5400b000 r--s 00000000 08:05 4982862                    /var/cache/fontconfig/c57959a16110560c8d0fcea73374aeeb-le64.cache-6
7f8c5400b000-7f8c5400c000 r--s 00000000 08:05 4982861                    /var/cache/fontconfig/bab58bb527bb656aaa9f116d68a48d89-le64.cache-6
7f8c5400c000-7f8c54013000 r--s 00000000 08:05 4982860                    /var/cache/fontconfig/3047814df9a2f067bd2d96a2b9c36e5a-le64.cache-6
7f8c54013000-7f8c5401b000 r--s 00000000 08:05 4982857                    /var/cache/fontconfig/bf3b770c553c462765856025a94f1ce6-le64.cache-6
7f8c5401b000-7f8c5401c000 r--s 00000000 08:05 4982856                    /var/cache/fontconfig/56cf4f4769d0f4abc89a4895d7bd3ae1-le64.cache-6
7f8c5401c000-7f8c5401d000 r--s 00000000 08:05 4982855                    /var/cache/fontconfig/b9d506c9ac06c20b433354fa67a72993-le64.cache-6
7f8c5401d000-7f8c54023000 r--s 00000000 08:05 4982849                    /var/cache/fontconfig/b47c4e1ecd0709278f4910c18777a504-le64.cache-6
7f8c54023000-7f8c54223000 rw-p 00000000 00:00 0 
7f8c54223000-7f8c54423000 rw-p 00000000 00:00 0 
7f8c54423000-7f8c54426000 ---p 00000000 00:00 0 
7f8c54426000-7f8c54724000 rw-p 00000000 00:00 0 
7f8c54724000-7f8c54727000 ---p 00000000 00:00 0 
7f8c54727000-7f8c54825000 rw-p 00000000 00:00 0 
7f8c54825000-7f8c54828000 ---p 00000000 00:00 0 
7f8c54828000-7f8c54926000 rw-p 00000000 00:00 0 
7f8c54926000-7f8c54929000 ---p 00000000 00:00 0 
7f8c54929000-7f8c54c27000 rw-p 00000000 00:00 0 
7f8c54c27000-7f8c54c2a000 ---p 00000000 00:00 0 
7f8c54c2a000-7f8c54d28000 rw-p 00000000 00:00 0 
7f8c54d28000-7f8c54d2b000 ---p 00000000 00:00 0 
7f8c54d2b000-7f8c54e29000 rw-p 00000000 00:00 0 
7f8c54e29000-7f8c54e2c000 ---p 00000000 00:00 0 
7f8c54e2c000-7f8c54f2a000 rw-p 00000000 00:00 0 
7f8c54f2a000-7f8c54f3b000 r-xp 00000000 08:05 3015604                    /usr/lib/jvm/java-8-openjdk-amd64/jre/lib/amd64/libnio.so
7f8c54f3b000-7f8c5513b000 ---p 00011000 08:05 3015604                    /usr/lib/jvm/java-8-openjdk-amd64/jre/lib/amd64/libnio.so
7f8c5513b000-7f8c5513c000 r--p 00011000 08:05 3015604                    /usr/lib/jvm/java-8-openjdk-amd64/jre/lib/amd64/libnio.so
7f8c5513c000-7f8c5513d000 rw-p 00012000 08:05 3015604                    /usr/lib/jvm/java-8-openjdk-amd64/jre/lib/amd64/libnio.so
7f8c5513d000-7f8c5543e000 rw-p 00000000 00:00 0 
7f8c5543e000-7f8c55455000 r-xp 00000000 08:05 3015596                    /usr/lib/jvm/java-8-openjdk-amd64/jre/lib/amd64/libnet.so
7f8c55455000-7f8c55654000 ---p 00017000 08:05 3015596                    /usr/lib/jvm/java-8-openjdk-amd64/jre/lib/amd64/libnet.so
7f8c55654000-7f8c55655000 r--p 00016000 08:05 3015596                    /usr/lib/jvm/java-8-openjdk-amd64/jre/lib/amd64/libnet.so
7f8c55655000-7f8c55656000 rw-p 00017000 08:05 3015596                    /usr/lib/jvm/java-8-openjdk-amd64/jre/lib/amd64/libnet.so
7f8c55656000-7f8c55659000 r-xp 00000000 08:05 9972762                    /usr/lib/x86_64-linux-gnu/gdk-pixbuf-2.0/2.10.0/loaders/libpixbufloader-bmp.so
7f8c55659000-7f8c55859000 ---p 00003000 08:05 9972762                    /usr/lib/x86_64-linux-gnu/gdk-pixbuf-2.0/2.10.0/loaders/libpixbufloader-bmp.so
7f8c55859000-7f8c5585a000 r--p 00003000 08:05 9972762                    /usr/lib/x86_64-linux-gnu/gdk-pixbuf-2.0/2.10.0/loaders/libpixbufloader-bmp.so
7f8c5585a000-7f8c5585b000 rw-p 00004000 08:05 9972762                    /usr/lib/x86_64-linux-gnu/gdk-pixbuf-2.0/2.10.0/loaders/libpixbufloader-bmp.so
7f8c5585b000-7f8c55862000 r-xp 00000000 08:05 9708371                    /usr/lib/x86_64-linux-gnu/libogg.so.0.8.2
7f8c55862000-7f8c55a62000 ---p 00007000 08:05 9708371                    /usr/lib/x86_64-linux-gnu/libogg.so.0.8.2
7f8c55a62000-7f8c55a63000 r--p 00007000 08:05 9708371                    /usr/lib/x86_64-linux-gnu/libogg.so.0.8.2
7f8c55a63000-7f8c55a64000 rw-p 00008000 08:05 9708371                    /usr/lib/x86_64-linux-gnu/libogg.so.0.8.2
7f8c55a64000-7f8c55a8e000 r-xp 00000000 08:05 9708720                    /usr/lib/x86_64-linux-gnu/libvorbis.so.0.4.8
7f8c55a8e000-7f8c55c8e000 ---p 0002a000 08:05 9708720                    /usr/lib/x86_64-linux-gnu/libvorbis.so.0.4.8
7f8c55c8e000-7f8c55c8f000 r--p 0002a000 08:05 9708720                    /usr/lib/x86_64-linux-gnu/libvorbis.so.0.4.8
7f8c55c8f000-7f8c55c90000 rw-p 0002b000 08:05 9708720                    /usr/lib/x86_64-linux-gnu/libvorbis.so.0.4.8
7f8c55c90000-7f8c55c99000 r-xp 00000000 08:05 9708238                    /usr/lib/x86_64-linux-gnu/libltdl.so.7.3.1
7f8c55c99000-7f8c55e98000 ---p 00009000 08:05 9708238                    /usr/lib/x86_64-linux-gnu/libltdl.so.7.3.1
7f8c55e98000-7f8c55e99000 r--p 00008000 08:05 9708238                    /usr/lib/x86_64-linux-gnu/libltdl.so.7.3.1
7f8c55e99000-7f8c55e9a000 rw-p 00009000 08:05 9708238                    /usr/lib/x86_64-linux-gnu/libltdl.so.7.3.1
7f8c55e9a000-7f8c55eae000 r-xp 00000000 08:05 9708613                    /usr/lib/x86_64-linux-gnu/libtdb.so.1.3.8
7f8c55eae000-7f8c560ad000 ---p 00014000 08:05 9708613                    /usr/lib/x86_64-linux-gnu/libtdb.so.1.3.8
7f8c560ad000-7f8c560ae000 r--p 00013000 08:05 9708613                    /usr/lib/x86_64-linux-gnu/libtdb.so.1.3.8
7f8c560ae000-7f8c560af000 rw-p 00014000 08:05 9708613                    /usr/lib/x86_64-linux-gnu/libtdb.so.1.3.8
7f8c560af000-7f8c560b6000 r-xp 00000000 08:05 9708724                    /usr/lib/x86_64-linux-gnu/libvorbisfile.so.3.3.7
7f8c560b6000-7f8c562b6000 ---p 00007000 08:05 9708724                    /usr/lib/x86_64-linux-gnu/libvorbisfile.so.3.3.7
7f8c562b6000-7f8c562b7000 r--p 00007000 08:05 9708724                    /usr/lib/x86_64-linux-gnu/libvorbisfile.so.3.3.7
7f8c562b7000-7f8c562b8000 rw-p 00008000 08:05 9708724                    /usr/lib/x86_64-linux-gnu/libvorbisfile.so.3.3.7
7f8c562b8000-7f8c562c8000 r-xp 00000000 08:05 9707635                    /usr/lib/x86_64-linux-gnu/libcanberra.so.0.2.5
7f8c562c8000-7f8c564c7000 ---p 00010000 08:05 9707635                    /usr/lib/x86_64-linux-gnu/libcanberra.so.0.2.5
7f8c564c7000-7f8c564c8000 r--p 0000f000 08:05 9707635                    /usr/lib/x86_64-linux-gnu/libcanberra.so.0.2.5
7f8c564c8000-7f8c564c9000 rw-p 00010000 08:05 9707635                    /usr/lib/x86_64-linux-gnu/libcanberra.so.0.2.5
7f8c564c9000-7f8c564cd000 r-xp 00000000 08:05 9707631                    /usr/lib/x86_64-linux-gnu/libcanberra-gtk.so.0.1.9
7f8c564cd000-7f8c566cc000 ---p 00004000 08:05 9707631                    /usr/lib/x86_64-linux-gnu/libcanberra-gtk.so.0.1.9
7f8c566cc000-7f8c566cd000 r--p 00003000 08:05 9707631                    /usr/lib/x86_64-linux-gnu/libcanberra-gtk.so.0.1.9
7f8c566cd000-7f8c566ce000 rw-p 00004000 08:05 9707631                    /usr/lib/x86_64-linux-gnu/libcanberra-gtk.so.0.1.9
7f8c566ce000-7f8c566d3000 r-xp 00000000 08:05 9965181                    /usr/lib/x86_64-linux-gnu/gtk-2.0/modules/libcanberra-gtk-module.so
7f8c566d3000-7f8c568d2000 ---p 00005000 08:05 9965181                    /usr/lib/x86_64-linux-gnu/gtk-2.0/modules/libcanberra-gtk-module.so
7f8c568d2000-7f8c568d3000 r--p 00004000 08:05 9965181                    /usr/lib/x86_64-linux-gnu/gtk-2.0/modules/libcanberra-gtk-module.so
7f8c568d3000-7f8c568d4000 rw-p 00005000 08:05 9965181                    /usr/lib/x86_64-linux-gnu/gtk-2.0/modules/libcanberra-gtk-module.so
7f8c568d4000-7f8c56904000 r-xp 00000000 08:05 9963916                    /usr/lib/x86_64-linux-gnu/gtk-2.0/2.10.0/engines/libmurrine.so
7f8c56904000-7f8c56b04000 ---p 00030000 08:05 9963916                    /usr/lib/x86_64-linux-gnu/gtk-2.0/2.10.0/engines/libmurrine.so
7f8c56b04000-7f8c56b05000 r--p 00030000 08:05 9963916                    /usr/lib/x86_64-linux-gnu/gtk-2.0/2.10.0/engines/libmurrine.so
7f8c56b05000-7f8c56b06000 rw-p 00031000 08:05 9963916                    /usr/lib/x86_64-linux-gnu/gtk-2.0/2.10.0/engines/libmurrine.so
7f8c56b06000-7f8c56b16000 r-xp 00000000 08:05 9708669                    /usr/lib/x86_64-linux-gnu/libunity-gtk2-parser.so.0.0.0
7f8c56b16000-7f8c56d16000 ---p 00010000 08:05 9708669                    /usr/lib/x86_64-linux-gnu/libunity-gtk2-parser.so.0.0.0
7f8c56d16000-7f8c56d17000 r--p 00010000 08:05 9708669                    /usr/lib/x86_64-linux-gnu/libunity-gtk2-parser.so.0.0.0
7f8c56d17000-7f8c56d18000 rw-p 00011000 08:05 9708669                    /usr/lib/x86_64-linux-gnu/libunity-gtk2-parser.so.0.0.0
7f8c56d18000-7f8c56d1d000 r-xp 00000000 08:05 9965185                    /usr/lib/x86_64-linux-gnu/gtk-2.0/modules/libunity-gtk-module.so
7f8c56d1d000-7f8c56f1c000 ---p 00005000 08:05 9965185                    /usr/lib/x86_64-linux-gnu/gtk-2.0/modules/libunity-gtk-module.so
7f8c56f1c000-7f8c56f1d000 r--p 00004000 08:05 9965185                    /usr/lib/x86_64-linux-gnu/gtk-2.0/modules/libunity-gtk-module.so
7f8c56f1d000-7f8c56f1e000 rw-p 00005000 08:05 9965185                    /usr/lib/x86_64-linux-gnu/gtk-2.0/modules/libunity-gtk-module.so
7f8c56f1e000-7f8c56f30000 r-xp 00000000 08:05 10097122                   /lib/x86_64-linux-gnu/libgpg-error.so.0.17.0
7f8c56f30000-7f8c57130000 ---p 00012000 08:05 10097122                   /lib/x86_64-linux-gnu/libgpg-error.so.0.17.0
7f8c57130000-7f8c57131000 r--p 00012000 08:05 10097122                   /lib/x86_64-linux-gnu/libgpg-error.so.0.17.0
7f8c57131000-7f8c57132000 rw-p 00013000 08:05 10097122                   /lib/x86_64-linux-gnu/libgpg-error.so.0.17.0
7f8c57132000-7f8c5720a000 r-xp 00000000 08:05 10092582                   /lib/x86_64-linux-gnu/libgcrypt.so.20.0.5
7f8c5720a000-7f8c57409000 ---p 000d8000 08:05 10092582                   /lib/x86_64-linux-gnu/libgcrypt.so.20.0.5
7f8c57409000-7f8c5740a000 r--p 000d7000 08:05 10092582                   /lib/x86_64-linux-gnu/libgcrypt.so.20.0.5
7f8c5740a000-7f8c57412000 rw-p 000d8000 08:05 10092582                   /lib/x86_64-linux-gnu/libgcrypt.so.20.0.5
7f8c57412000-7f8c57413000 rw-p 00000000 00:00 0 
7f8c57413000-7f8c57434000 r-xp 00000000 08:05 10097145                   /lib/x86_64-linux-gnu/liblzma.so.5.0.0
7f8c57434000-7f8c57633000 ---p 00021000 08:05 10097145                   /lib/x86_64-linux-gnu/liblzma.so.5.0.0
7f8c57633000-7f8c57634000 r--p 00020000 08:05 10097145                   /lib/x86_64-linux-gnu/liblzma.so.5.0.0
7f8c57634000-7f8c57635000 rw-p 00021000 08:05 10097145                   /lib/x86_64-linux-gnu/liblzma.so.5.0.0
7f8c57635000-7f8c5767f000 r-xp 00000000 08:05 10092851                   /lib/x86_64-linux-gnu/libdbus-1.so.3.14.6
7f8c5767f000-7f8c5787f000 ---p 0004a000 08:05 10092851                   /lib/x86_64-linux-gnu/libdbus-1.so.3.14.6
7f8c5787f000-7f8c57880000 r--p 0004a000 08:05 10092851                   /lib/x86_64-linux-gnu/libdbus-1.so.3.14.6
7f8c57880000-7f8c57881000 rw-p 0004b000 08:05 10092851                   /lib/x86_64-linux-gnu/libdbus-1.so.3.14.6
7f8c57881000-7f8c578ad000 r-xp 00000000 08:05 9707577                    /usr/lib/x86_64-linux-gnu/libatspi.so.0.0.1
7f8c578ad000-7f8c57aac000 ---p 0002c000 08:05 9707577                    /usr/lib/x86_64-linux-gnu/libatspi.so.0.0.1
7f8c57aac000-7f8c57aaf000 r--p 0002b000 08:05 9707577                    /usr/lib/x86_64-linux-gnu/libatspi.so.0.0.1
7f8c57aaf000-7f8c57ab0000 rw-p 0002e000 08:05 9707577                    /usr/lib/x86_64-linux-gnu/libatspi.so.0.0.1
7f8c57ab0000-7f8c57add000 r-xp 00000000 08:05 9707571                    /usr/lib/x86_64-linux-gnu/libatk-bridge-2.0.so.0.0.0
7f8c57add000-7f8c57cdc000 ---p 0002d000 08:05 9707571                    /usr/lib/x86_64-linux-gnu/libatk-bridge-2.0.so.0.0.0
7f8c57cdc000-7f8c57cdd000 r--p 0002c000 08:05 9707571                    /usr/lib/x86_64-linux-gnu/libatk-bridge-2.0.so.0.0.0
7f8c57cdd000-7f8c57cdf000 rw-p 0002d000 08:05 9707571                    /usr/lib/x86_64-linux-gnu/libatk-bridge-2.0.so.0.0.0
7f8c57cdf000-7f8c57ce0000 r-xp 00000000 08:05 9965180                    /usr/lib/x86_64-linux-gnu/gtk-2.0/modules/libatk-bridge.so
7f8c57ce0000-7f8c57edf000 ---p 00001000 08:05 9965180                    /usr/lib/x86_64-linux-gnu/gtk-2.0/modules/libatk-bridge.so
7f8c57edf000-7f8c57ee0000 r--p 00000000 08:05 9965180                    /usr/lib/x86_64-linux-gnu/gtk-2.0/modules/libatk-bridge.so
7f8c57ee0000-7f8c57ee1000 rw-p 00001000 08:05 9965180                    /usr/lib/x86_64-linux-gnu/gtk-2.0/modules/libatk-bridge.so
7f8c57ee1000-7f8c57ee8000 r-xp 00000000 08:05 9707906                    /usr/lib/x86_64-linux-gnu/libgailutil.so.18.0.1
7f8c57ee8000-7f8c580e7000 ---p 00007000 08:05 9707906                    /usr/lib/x86_64-linux-gnu/libgailutil.so.18.0.1
7f8c580e7000-7f8c580e8000 r--p 00006000 08:05 9707906                    /usr/lib/x86_64-linux-gnu/libgailutil.so.18.0.1
7f8c580e8000-7f8c580e9000 rw-p 00007000 08:05 9707906                    /usr/lib/x86_64-linux-gnu/libgailutil.so.18.0.1
7f8c580e9000-7f8c58137000 r-xp 00000000 08:05 9965183                    /usr/lib/x86_64-linux-gnu/gtk-2.0/modules/libgail.so
7f8c58137000-7f8c58336000 ---p 0004e000 08:05 9965183                    /usr/lib/x86_64-linux-gnu/gtk-2.0/modules/libgail.so
7f8c58336000-7f8c58337000 r--p 0004d000 08:05 9965183                    /usr/lib/x86_64-linux-gnu/gtk-2.0/modules/libgail.so
7f8c58337000-7f8c58339000 rw-p 0004e000 08:05 9965183                    /usr/lib/x86_64-linux-gnu/gtk-2.0/modules/libgail.so
7f8c58339000-7f8c5834a000 r-xp 00000000 08:05 9964826                    /usr/lib/x86_64-linux-gnu/gtk-2.0/modules/liboverlay-scrollbar.so
7f8c5834a000-7f8c5854a000 ---p 00011000 08:05 9964826                    /usr/lib/x86_64-linux-gnu/gtk-2.0/modules/liboverlay-scrollbar.so
7f8c5854a000-7f8c5854b000 r--p 00011000 08:05 9964826                    /usr/lib/x86_64-linux-gnu/gtk-2.0/modules/liboverlay-scrollbar.so
7f8c5854b000-7f8c5854c000 rw-p 00012000 08:05 9964826                    /usr/lib/x86_64-linux-gnu/gtk-2.0/modules/liboverlay-scrollbar.so
7f8c5854c000-7f8c5856e000 r-xp 00000000 08:05 9707569                    /usr/lib/x86_64-linux-gnu/libatk-1.0.so.0.21809.1
7f8c5856e000-7f8c5876d000 ---p 00022000 08:05 9707569                    /usr/lib/x86_64-linux-gnu